<?xml version="1.0" encoding="UTF-8" ?>
<testsuite tests="5" failures="2" name="MinMaxAveTest" time="0" errors="0" skipped="0">
  <properties>
[...]
</properties>
  <testcase classname="MinMaxAveTest" name="MinMaxAveTest.testMinMaxAvePositivePath" time="0">
    <failure message="array contents differ at index [2], expected: &lt;5&gt; but was: &lt;7&gt;" type="org.opentest4j.AssertionFailedError">org.opentest4j.AssertionFailedError: array contents differ at index [2], expected: &lt;5&gt; but was: &lt;7&gt;
	at org.junit.jupiter.api.AssertionUtils.fail(AssertionUtils.java:39)
	at org.junit.jupiter.api.AssertArrayEquals.failArraysNotEqual(AssertArrayEquals.java:432)
	at org.junit.jupiter.api.AssertArrayEquals.assertArrayEquals(AssertArrayEquals.java:244)
	at org.junit.jupiter.api.AssertArrayEquals.assertArrayEquals(AssertArrayEquals.java:90)
	at org.junit.jupiter.api.AssertArrayEquals.assertArrayEquals(AssertArrayEquals.java:86)
	at org.junit.jupiter.api.Assertions.assertArrayEquals(Assertions.java:1260)
	at MinMaxAveTest.testMinMaxAvePositivePath(MinMaxAveTest.java:18)
</failure>
  </testcase>
  <testcase classname="MinMaxAveTest" name="MinMaxAveTest.testMinMaxAveNegative" time="0"/>
  <testcase classname="MinMaxAveTest" name="MinMaxAveTest.testMinMaxAveNegativeIndex" time="0"/>
  <testcase classname="MinMaxAveTest" name="MinMaxAveTest.testMinMaxAveNegativePathEmpty" time="0"/>
  <testcase classname="MinMaxAveTest" name="MinMaxAveTest.testMinMaxAveNegativePath2" time="0">
    <failure message="/ by zero" type="java.lang.ArithmeticException">java.lang.ArithmeticException: / by zero
	at MinMaxAve.getMinMaxAverageAlgorithm(MinMaxAve.java:28)
	at MinMaxAveTest.testMinMaxAveNegativePath2(MinMaxAveTest.java:46)
</failure>
  </testcase>
</testsuite>