-------------------------------------------------------------------------------
Test set: testConvertToNumbersAlgorithmTest
-------------------------------------------------------------------------------
Tests run: 5, Failures: 2, Errors: 0, Skipped: 0, Time elapsed: 0.001 sec <<< FAILURE!
testConvertToNumbersAlgorithmTest.testConvertToNumberAlgorithmHappyPathNegative()  Time elapsed: 0 sec  <<< FAILURE!
java.lang.NumberFormatException: For input string: "-"
	at java.base/java.lang.NumberFormatException.forInputString(NumberFormatException.java:65)
	at java.base/java.lang.Integer.parseInt(Integer.java:642)
	at java.base/java.lang.Integer.parseInt(Integer.java:770)
	at MyStringToNumbersAlgorithm.convertToIntArray(MyStringToNumbersAlgorithm.java:20)
	at testConvertToNumbersAlgorithmTest.testConvertToNumberAlgorithmHappyPathNegative(testConvertToNumbersAlgorithmTest.java:30)

testConvertToNumbersAlgorithmTest.testConvertToNumberAlgorithmHappyPathNonValidData()  Time elapsed: 0 sec  <<< FAILURE!
java.lang.NumberFormatException: For input string: ","
	at java.base/java.lang.NumberFormatException.forInputString(NumberFormatException.java:65)
	at java.base/java.lang.Integer.parseInt(Integer.java:638)
	at java.base/java.lang.Integer.parseInt(Integer.java:770)
	at MyStringToNumbersAlgorithm.convertToIntArray(MyStringToNumbersAlgorithm.java:20)
	at testConvertToNumbersAlgorithmTest.testConvertToNumberAlgorithmHappyPathNonValidData(testConvertToNumbersAlgorithmTest.java:69)

